<?xml version="1.0" encoding="utf-8" standalone="no"?>
<test-results xmlns:xsi="http://www.w3.org/2001/XMLSchema-instance" xsi:noNamespaceSchemaLocation="nunit_schema_2.5.xsd" name="Pester" total="0" errors="0" failures="0" not-run="0" inconclusive="0" ignored="0" skipped="0" invalid="0" date="2021-12-17" time="02:36:58">
  <environment machine-name="PREDATOR255" nunit-version="2.5.8.0" clr-version="Unknown" user="rishi" cwd="C:\Users\rishi\Desktop\posh\posh_codex\PoshCodex" platform="Microsoft Windows 11 Home|C:\WINDOWS|\Device\Harddisk0\Partition3" user-domain="PREDATOR255" os-version="10.0.22000" />
  <culture-info current-culture="en-US" current-uiculture="en-US" />
  <test-suite type="TestFixture" name="Pester" executed="True" result="Success" success="True" time="0" asserts="0" description="Pester">
    <results />
  </test-suite>
</test-results>